  ____                              ____ _                __
 / ___| _ __  _ __(_)_ __   __ _   / ___| | ___  _   _  __| |
 \___ \| '_ \| '__| | '_ \ / _` | | |   | |/ _ \| | | |/ _` |
  ___) | |_) | |  | | | | | (_| | | |___| | (_) | |_| | (_| |
 |____/| .__/|_|  |_|_| |_|\__, |  \____|_|\___/ \__,_|\__,_|
  ____ |_|    _          __|___/                 __________
 |  _ \  __ _| |_ __ _  |  ___| | _____      __  \ \ \ \ \ \
 | | | |/ _` | __/ _` | | |_  | |/ _ \ \ /\ / /   \ \ \ \ \ \
 | |_| | (_| | || (_| | |  _| | | (_) \ V  V /    / / / / / /
 |____/ \__,_|\__\__,_| |_|   |_|\___/ \_/\_/    /_/_/_/_/_/

Spring Cloud Data Flow Server  (v2.6.0)

2020-08-11 11:39:16.584  INFO 1 --- [           main] o.s.c.d.s.s.DataFlowServerApplication    : The following profiles are active: kubernetes
2020-08-11 11:39:21.265  INFO 1 --- [           main] .s.d.r.c.RepositoryConfigurationDelegate : Multiple Spring Data modules found, entering strict repository configuration mode!
2020-08-11 11:39:21.265  INFO 1 --- [           main] .s.d.r.c.RepositoryConfigurationDelegate : Bootstrapping Spring Data Map repositories in DEFAULT mode.
2020-08-11 11:39:21.777  INFO 1 --- [           main] .s.d.r.c.RepositoryConfigurationDelegate : Finished Spring Data repository scanning in 476ms. Found 1 Map repository interfaces.
2020-08-11 11:39:23.288  INFO 1 --- [           main] .s.d.r.c.RepositoryConfigurationDelegate : Multiple Spring Data modules found, entering strict repository configuration mode!
2020-08-11 11:39:23.291  INFO 1 --- [           main] .s.d.r.c.RepositoryConfigurationDelegate : Bootstrapping Spring Data JPA repositories in DEFAULT mode.
2020-08-11 11:39:23.368  INFO 1 --- [           main] .s.d.r.c.RepositoryConfigurationDelegate : Finished Spring Data repository scanning in 15ms. Found 0 JPA repository interfaces.
2020-08-11 11:39:24.071  INFO 1 --- [           main] .s.d.r.c.RepositoryConfigurationDelegate : Multiple Spring Data modules found, entering strict repository configuration mode!
2020-08-11 11:39:24.071  INFO 1 --- [           main] .s.d.r.c.RepositoryConfigurationDelegate : Bootstrapping Spring Data JPA repositories in DEFAULT mode.
2020-08-11 11:39:24.350  INFO 1 --- [           main] .s.d.r.c.RepositoryConfigurationDelegate : Finished Spring Data repository scanning in 278ms. Found 5 JPA repository interfaces.
2020-08-11 11:39:24.983  INFO 1 --- [           main] o.s.cloud.context.scope.GenericScope     : BeanFactory id=0147e4a7-c12b-3bba-b942-8f02c18265b2
2020-08-11 11:39:27.687  INFO 1 --- [           main] o.s.b.w.embedded.tomcat.TomcatWebServer  : Tomcat initialized with port(s): 80 (http)
2020-08-11 11:39:27.760  INFO 1 --- [           main] o.a.coyote.http11.Http11NioProtocol      : Initializing ProtocolHandler ["http-nio-80"]
2020-08-11 11:39:27.761  INFO 1 --- [           main] o.apache.catalina.core.StandardService   : Starting service [Tomcat]
2020-08-11 11:39:27.761  INFO 1 --- [           main] org.apache.catalina.core.StandardEngine  : Starting Servlet engine: [Apache Tomcat/9.0.34]
2020-08-11 11:39:27.993  INFO 1 --- [           main] o.a.c.c.C.[Tomcat].[localhost].[/]       : Initializing Spring embedded WebApplicationContext
2020-08-11 11:39:29.674  INFO 1 --- [           main] com.zaxxer.hikari.HikariDataSource       : HikariPool-1 - Starting...
2020-08-11 11:39:30.136  INFO 1 --- [           main] com.zaxxer.hikari.HikariDataSource       : HikariPool-1 - Start completed.
2020-08-11 11:39:30.266  INFO 1 --- [           main] o.f.c.internal.license.VersionPrinter    : Flyway Community Edition 6.0.8 by Redgate
2020-08-11 11:39:30.371  INFO 1 --- [           main] o.f.c.internal.database.DatabaseFactory  : Database: jdbc:mariadb://xxx.xxx.xxx.xxx:3306/SCDF (MariaDB 10.4)
2020-08-11 11:39:30.733  INFO 1 --- [           main] o.f.core.internal.command.DbValidate     : Successfully validated 3 migrations (execution time 00:00.147s)
2020-08-11 11:39:30.917  INFO 1 --- [           main] o.f.core.internal.command.DbMigrate      : Current version of schema `SCDF`: 3
2020-08-11 11:39:30.934  INFO 1 --- [           main] o.f.core.internal.command.DbMigrate      : Schema `SCDF` is up to date. No migration necessary.
2020-08-11 11:39:32.564  INFO 1 --- [           main] o.hibernate.jpa.internal.util.LogHelper  : HHH000204: Processing PersistenceUnitInfo [name: default]
2020-08-11 11:39:34.516  INFO 1 --- [           main] org.hibernate.Version                    : HHH000412: Hibernate ORM core version 5.4.15.Final
2020-08-11 11:39:35.318  INFO 1 --- [           main] o.hibernate.annotations.common.Version   : HCANN000001: Hibernate Commons Annotations {5.1.0.Final}
2020-08-11 11:39:36.648  INFO 1 --- [           main] org.hibernate.dialect.Dialect            : HHH000400: Using dialect: org.hibernate.dialect.MariaDB103Dialect
2020-08-11 11:39:39.046  INFO 1 --- [           main] o.h.validator.internal.util.Version      : HV000001: Hibernate Validator 6.0.19.Final
2020-08-11 11:39:42.566  INFO 1 --- [           main] o.h.e.t.j.p.i.JtaPlatformInitiator       : HHH000490: Using JtaPlatform implementation: [org.hibernate.engine.transaction.jta.platform.internal.NoJtaPlatform]
2020-08-11 11:39:42.632  INFO 1 --- [           main] j.LocalContainerEntityManagerFactoryBean : Initialized JPA EntityManagerFactory for persistence unit 'default'
2020-08-11 11:39:44.570  INFO 1 --- [           main] urationMetadataResolverAutoConfiguration : Final Registry Configurations: {registry-1.docker.io=RegistryConfiguration{registryHost='registry-1.docker.io', user='null', secret='****'', authorizationType=dockeroauth2, manifestMediaType='application/vnd.docker.distribution.manifest.v2+json', disableSslVerification='false', extra={registryAuthUri=https://auth.docker.io/token?service=registry.docker.io&scope=repository:{repository}:pull&offline_token=1&client_id=shell }}}
2020-08-11 11:39:48.759  INFO 1 --- [           main] o.s.b.c.r.s.JobRepositoryFactoryBean     : No database type set, using meta data indicating: MYSQL
2020-08-11 11:39:48.955  INFO 1 --- [           main] o.s.c.d.s.b.SimpleJobServiceFactoryBean  : No database type set, using meta data indicating: MYSQL
2020-08-11 11:39:49.368  WARN 1 --- [           main] JpaBaseConfiguration$JpaWebConfiguration : spring.jpa.open-in-view is enabled by default. Therefore, database queries may be performed during view rendering. Explicitly configure spring.jpa.open-in-view to disable this warning
2020-08-11 11:39:49.860  INFO 1 --- [           main] o.s.s.concurrent.ThreadPoolTaskExecutor  : Initializing ExecutorService 'applicationTaskExecutor'
2020-08-11 11:39:52.079  INFO 1 --- [           main] o.a.coyote.http11.Http11NioProtocol      : Starting ProtocolHandler ["http-nio-80"]
2020-08-11 11:39:52.151  INFO 1 --- [           main] o.a.coyote.http11.Http11NioProtocol      : Pausing ProtocolHandler ["http-nio-80"]
2020-08-11 11:39:52.152  INFO 1 --- [           main] o.apache.catalina.core.StandardService   : Stopping service [Tomcat]
2020-08-11 11:39:52.159  WARN 1 --- [           main] o.a.c.loader.WebappClassLoaderBase       : The web application [ROOT] appears to have started a thread named [spring.cloud.inetutils] but has failed to stop it. This is very likely to create a memory leak. Stack trace of thread:
 sun.misc.Unsafe.park(Native Method)
 java.util.concurrent.locks.LockSupport.park(LockSupport.java:175)
 java.util.concurrent.locks.AbstractQueuedSynchronizer$ConditionObject.await(AbstractQueuedSynchronizer.java:2039)
 java.util.concurrent.LinkedBlockingQueue.take(LinkedBlockingQueue.java:442)
 java.util.concurrent.ThreadPoolExecutor.getTask(ThreadPoolExecutor.java:1074)
 java.util.concurrent.ThreadPoolExecutor.runWorker(ThreadPoolExecutor.java:1134)
 java.util.concurrent.ThreadPoolExecutor$Worker.run(ThreadPoolExecutor.java:624)
 java.lang.Thread.run(Thread.java:748)
2020-08-11 11:39:52.162  INFO 1 --- [           main] o.a.coyote.http11.Http11NioProtocol      : Stopping ProtocolHandler ["http-nio-80"]
2020-08-11 11:39:52.163  INFO 1 --- [           main] o.a.coyote.http11.Http11NioProtocol      : Destroying ProtocolHandler ["http-nio-80"]
2020-08-11 11:39:52.256  WARN 1 --- [           main] o.s.b.f.support.DisposableBeanAdapter    : Invocation of destroy method failed on bean with name 'tomcatMetricsBinder': java.lang.NullPointerException
2020-08-11 11:39:52.256  INFO 1 --- [           main] o.s.s.concurrent.ThreadPoolTaskExecutor  : Shutting down ExecutorService 'applicationTaskExecutor'
2020-08-11 11:39:52.272  INFO 1 --- [           main] j.LocalContainerEntityManagerFactoryBean : Closing JPA EntityManagerFactory for persistence unit 'default'
2020-08-11 11:39:52.275  INFO 1 --- [           main] com.zaxxer.hikari.HikariDataSource       : HikariPool-1 - Shutdown initiated...
2020-08-11 11:39:52.346  INFO 1 --- [           main] com.zaxxer.hikari.HikariDataSource       : HikariPool-1 - Shutdown completed.
2020-08-11 11:39:52.356 ERROR 1 --- [           main] o.s.boot.SpringApplication               : Application run failed

org.springframework.boot.web.server.WebServerException: Unable to start embedded Tomcat server
	at org.springframework.boot.web.embedded.tomcat.TomcatWebServer.start(TomcatWebServer.java:212)
	at org.springframework.boot.web.servlet.context.ServletWebServerApplicationContext.startWebServer(ServletWebServerApplicationContext.java:297)
	at org.springframework.boot.web.servlet.context.ServletWebServerApplicationContext.finishRefresh(ServletWebServerApplicationContext.java:163)
	at org.springframework.context.support.AbstractApplicationContext.refresh(AbstractApplicationContext.java:553)
	at org.springframework.boot.web.servlet.context.ServletWebServerApplicationContext.refresh(ServletWebServerApplicationContext.java:141)
	at org.springframework.boot.SpringApplication.refresh(SpringApplication.java:747)
	at org.springframework.boot.SpringApplication.refreshContext(SpringApplication.java:397)
	at org.springframework.boot.SpringApplication.run(SpringApplication.java:315)
	at org.springframework.boot.SpringApplication.run(SpringApplication.java:1226)
	at org.springframework.boot.SpringApplication.run(SpringApplication.java:1215)
	at org.springframework.cloud.dataflow.server.single.DataFlowServerApplication.main(DataFlowServerApplication.java:50)
	at sun.reflect.NativeMethodAccessorImpl.invoke0(Native Method)
	at sun.reflect.NativeMethodAccessorImpl.invoke(NativeMethodAccessorImpl.java:62)
	at sun.reflect.DelegatingMethodAccessorImpl.invoke(DelegatingMethodAccessorImpl.java:43)
	at java.lang.reflect.Method.invoke(Method.java:498)
	at org.springframework.boot.loader.MainMethodRunner.run(MainMethodRunner.java:48)
	at org.springframework.boot.loader.Launcher.launch(Launcher.java:87)
	at org.springframework.boot.loader.Launcher.launch(Launcher.java:51)
	at org.springframework.boot.loader.JarLauncher.main(JarLauncher.java:52)
Caused by: java.lang.IllegalArgumentException: standardService.connector.startFailed
	at org.apache.catalina.core.StandardService.addConnector(StandardService.java:231)
	at org.springframework.boot.web.embedded.tomcat.TomcatWebServer.addPreviouslyRemovedConnectors(TomcatWebServer.java:265)
	at org.springframework.boot.web.embedded.tomcat.TomcatWebServer.start(TomcatWebServer.java:196)
	... 18 common frames omitted
Caused by: org.apache.catalina.LifecycleException: Protocol handler start failed
	at org.apache.catalina.connector.Connector.startInternal(Connector.java:1066)
	at org.apache.catalina.util.LifecycleBase.start(LifecycleBase.java:183)
	at org.apache.catalina.core.StandardService.addConnector(StandardService.java:227)
	... 20 common frames omitted
Caused by: java.net.SocketException: Permission denied
	at sun.nio.ch.Net.bind0(Native Method)
	at sun.nio.ch.Net.bind(Net.java:433)
	at sun.nio.ch.Net.bind(Net.java:425)
	at sun.nio.ch.ServerSocketChannelImpl.bind(ServerSocketChannelImpl.java:223)
	at sun.nio.ch.ServerSocketAdaptor.bind(ServerSocketAdaptor.java:74)
	at org.apache.tomcat.util.net.NioEndpoint.initServerSocket(NioEndpoint.java:228)
	at org.apache.tomcat.util.net.NioEndpoint.bind(NioEndpoint.java:211)
	at org.apache.tomcat.util.net.AbstractEndpoint.bindWithCleanup(AbstractEndpoint.java:1141)
	at org.apache.tomcat.util.net.AbstractEndpoint.start(AbstractEndpoint.java:1227)
	at org.apache.coyote.AbstractProtocol.start(AbstractProtocol.java:592)
	at org.apache.catalina.connector.Connector.startInternal(Connector.java:1063)
	... 22 common frames omitted
